Performing C SOURCE FILE Test CMAKE_HAVE_LIBC_PTHREAD failed with the following output:
Change Dir: /home/ubuntu/git/Vinganca-das-Arvores-Part2-EA872/build/CMakeFiles/CMakeTmp

Run Build Command(s):/usr/bin/make cmTC_f43cb/fast && /usr/bin/make  -f CMakeFiles/cmTC_f43cb.dir/build.make CMakeFiles/cmTC_f43cb.dir/build
make[1]: Entering directory '/home/ubuntu/git/Vinganca-das-Arvores-Part2-EA872/build/CMakeFiles/CMakeTmp'
Building C object CMakeFiles/cmTC_f43cb.dir/src.c.o
/usr/bin/cc -DCMAKE_HAVE_LIBC_PTHREAD   -o CMakeFiles/cmTC_f43cb.dir/src.c.o -c /home/ubuntu/git/Vinganca-das-Arvores-Part2-EA872/build/CMakeFiles/CMakeTmp/src.c
Linking C executable cmTC_f43cb
/usr/bin/cmake -E cmake_link_script CMakeFiles/cmTC_f43cb.dir/link.txt --verbose=1
/usr/bin/cc -rdynamic CMakeFiles/cmTC_f43cb.dir/src.c.o -o cmTC_f43cb 
CMakeFiles/cmTC_f43cb.dir/src.c.o: In function `main':
src.c:(.text+0x3e): undefined reference to `pthread_create'
src.c:(.text+0x4a): undefined reference to `pthread_detach'
src.c:(.text+0x56): undefined reference to `pthread_cancel'
src.c:(.text+0x67): undefined reference to `pthread_join'
src.c:(.text+0x7b): undefined reference to `pthread_atfork'
collect2: error: ld returned 1 exit status
CMakeFiles/cmTC_f43cb.dir/build.make:105: recipe for target 'cmTC_f43cb' failed
make[1]: *** [cmTC_f43cb] Error 1
make[1]: Leaving directory '/home/ubuntu/git/Vinganca-das-Arvores-Part2-EA872/build/CMakeFiles/CMakeTmp'
Makefile:140: recipe for target 'cmTC_f43cb/fast' failed
make: *** [cmTC_f43cb/fast] Error 2


Source file was:
#include <pthread.h>

static void* test_func(void* data)
{
  return data;
}

int main(void)
{
  pthread_t thread;
  pthread_create(&thread, NULL, test_func, NULL);
  pthread_detach(thread);
  pthread_cancel(thread);
  pthread_join(thread, NULL);
  pthread_atfork(NULL, NULL, NULL);
  pthread_exit(NULL);

  return 0;
}

Determining if the function pthread_create exists in the pthreads failed with the following output:
Change Dir: /home/ubuntu/git/Vinganca-das-Arvores-Part2-EA872/build/CMakeFiles/CMakeTmp

Run Build Command(s):/usr/bin/make cmTC_f4fdd/fast && /usr/bin/make  -f CMakeFiles/cmTC_f4fdd.dir/build.make CMakeFiles/cmTC_f4fdd.dir/build
make[1]: Entering directory '/home/ubuntu/git/Vinganca-das-Arvores-Part2-EA872/build/CMakeFiles/CMakeTmp'
Building C object CMakeFiles/cmTC_f4fdd.dir/CheckFunctionExists.c.o
/usr/bin/cc   -DCHECK_FUNCTION_EXISTS=pthread_create -o CMakeFiles/cmTC_f4fdd.dir/CheckFunctionExists.c.o -c /usr/share/cmake-3.19/Modules/CheckFunctionExists.c
Linking C executable cmTC_f4fdd
/usr/bin/cmake -E cmake_link_script CMakeFiles/cmTC_f4fdd.dir/link.txt --verbose=1
/usr/bin/cc  -DCHECK_FUNCTION_EXISTS=pthread_create -rdynamic CMakeFiles/cmTC_f4fdd.dir/CheckFunctionExists.c.o -o cmTC_f4fdd  -lpthreads 
/usr/bin/ld: cannot find -lpthreads
collect2: error: ld returned 1 exit status
CMakeFiles/cmTC_f4fdd.dir/build.make:105: recipe for target 'cmTC_f4fdd' failed
make[1]: *** [cmTC_f4fdd] Error 1
make[1]: Leaving directory '/home/ubuntu/git/Vinganca-das-Arvores-Part2-EA872/build/CMakeFiles/CMakeTmp'
Makefile:140: recipe for target 'cmTC_f4fdd/fast' failed
make: *** [cmTC_f4fdd/fast] Error 2



